<?xml version="1.0" encoding="UTF-8"?>
<testsuite xmlns:xsi="http://www.w3.org/2001/XMLSchema-instance" xsi:noNamespaceSchemaLocation="https://maven.apache.org/surefire/maven-surefire-plugin/xsd/surefire-test-report.xsd" name="com.etl.AppTest" time="0.038" tests="1" errors="0" skipped="0" failures="0">
  <properties>
    <property name="sun.desktop" value="windows"/>
    <property name="awt.toolkit" value="sun.awt.windows.WToolkit"/>
    <property name="java.specification.version" value="11"/>
    <property name="sun.cpu.isalist" value="amd64"/>
    <property name="sun.jnu.encoding" value="Cp1258"/>
    <property name="java.class.path" value="E:\Job_ETL_Account\dim_account\target\test-classes;E:\Job_ETL_Account\dim_account\target\classes;C:\Users\ADMIN\.m2\repository\junit\junit\4.11\junit-4.11.jar;C:\Users\ADMIN\.m2\repository\org\hamcrest\hamcrest-core\1.3\hamcrest-core-1.3.jar;C:\Users\ADMIN\.m2\repository\org\apache\flink\flink-runtime\1.18.1\flink-runtime-1.18.1.jar;C:\Users\ADMIN\.m2\repository\org\apache\flink\flink-core\1.18.1\flink-core-1.18.1.jar;C:\Users\ADMIN\.m2\repository\org\apache\flink\flink-annotations\1.18.1\flink-annotations-1.18.1.jar;C:\Users\ADMIN\.m2\repository\org\apache\flink\flink-metrics-core\1.18.1\flink-metrics-core-1.18.1.jar;C:\Users\ADMIN\.m2\repository\org\apache\flink\flink-shaded-asm-9\9.5-17.0\flink-shaded-asm-9-9.5-17.0.jar;C:\Users\ADMIN\.m2\repository\com\esotericsoftware\kryo\kryo\2.24.0\kryo-2.24.0.jar;C:\Users\ADMIN\.m2\repository\com\esotericsoftware\minlog\minlog\1.2\minlog-1.2.jar;C:\Users\ADMIN\.m2\repository\org\objenesis\objenesis\2.1\objenesis-2.1.jar;C:\Users\ADMIN\.m2\repository\commons-collections\commons-collections\3.2.2\commons-collections-3.2.2.jar;C:\Users\ADMIN\.m2\repository\org\apache\commons\commons-compress\1.21\commons-compress-1.21.jar;C:\Users\ADMIN\.m2\repository\org\apache\flink\flink-rpc-core\1.18.1\flink-rpc-core-1.18.1.jar;C:\Users\ADMIN\.m2\repository\org\apache\flink\flink-rpc-akka-loader\1.18.1\flink-rpc-akka-loader-1.18.1.jar;C:\Users\ADMIN\.m2\repository\org\apache\flink\flink-java\1.18.1\flink-java-1.18.1.jar;C:\Users\ADMIN\.m2\repository\com\twitter\chill-java\0.7.6\chill-java-0.7.6.jar;C:\Users\ADMIN\.m2\repository\org\apache\flink\flink-queryable-state-client-java\1.18.1\flink-queryable-state-client-java-1.18.1.jar;C:\Users\ADMIN\.m2\repository\org\apache\flink\flink-hadoop-fs\1.18.1\flink-hadoop-fs-1.18.1.jar;C:\Users\ADMIN\.m2\repository\commons-io\commons-io\2.11.0\commons-io-2.11.0.jar;C:\Users\ADMIN\.m2\repository\org\apache\flink\flink-shaded-netty\4.1.91.Final-17.0\flink-shaded-netty-4.1.91.Final-17.0.jar;C:\Users\ADMIN\.m2\repository\org\apache\flink\flink-shaded-guava\31.1-jre-17.0\flink-shaded-guava-31.1-jre-17.0.jar;C:\Users\ADMIN\.m2\repository\org\apache\flink\flink-shaded-jackson\2.14.2-17.0\flink-shaded-jackson-2.14.2-17.0.jar;C:\Users\ADMIN\.m2\repository\org\apache\flink\flink-shaded-zookeeper-3\3.7.1-17.0\flink-shaded-zookeeper-3-3.7.1-17.0.jar;C:\Users\ADMIN\.m2\repository\org\apache\commons\commons-lang3\3.12.0\commons-lang3-3.12.0.jar;C:\Users\ADMIN\.m2\repository\org\apache\commons\commons-text\1.10.0\commons-text-1.10.0.jar;C:\Users\ADMIN\.m2\repository\commons-cli\commons-cli\1.5.0\commons-cli-1.5.0.jar;C:\Users\ADMIN\.m2\repository\org\javassist\javassist\3.24.0-GA\javassist-3.24.0-GA.jar;C:\Users\ADMIN\.m2\repository\org\xerial\snappy\snappy-java\1.1.10.4\snappy-java-1.1.10.4.jar;C:\Users\ADMIN\.m2\repository\org\lz4\lz4-java\1.8.0\lz4-java-1.8.0.jar;C:\Users\ADMIN\.m2\repository\org\slf4j\slf4j-api\1.7.36\slf4j-api-1.7.36.jar;C:\Users\ADMIN\.m2\repository\com\google\code\findbugs\jsr305\1.3.9\jsr305-1.3.9.jar;C:\Users\ADMIN\.m2\repository\org\apache\flink\flink-clients\1.18.1\flink-clients-1.18.1.jar;C:\Users\ADMIN\.m2\repository\org\apache\flink\flink-optimizer\1.18.1\flink-optimizer-1.18.1.jar;C:\Users\ADMIN\.m2\repository\org\apache\flink\flink-connector-files\1.18.1\flink-connector-files-1.18.1.jar;C:\Users\ADMIN\.m2\repository\org\apache\flink\flink-file-sink-common\1.18.1\flink-file-sink-common-1.18.1.jar;C:\Users\ADMIN\.m2\repository\org\apache\kafka\kafka-clients\3.1.1\kafka-clients-3.1.1.jar;C:\Users\ADMIN\.m2\repository\com\github\luben\zstd-jni\1.5.0-4\zstd-jni-1.5.0-4.jar;C:\Users\ADMIN\.m2\repository\org\apache\logging\log4j\log4j-api\2.24.3\log4j-api-2.24.3.jar;C:\Users\ADMIN\.m2\repository\org\projectlombok\lombok\1.18.24\lombok-1.18.24.jar;C:\Users\ADMIN\.m2\repository\org\apache\flink\flink-streaming-java\1.18.1\flink-streaming-java-1.18.1.jar;C:\Users\ADMIN\.m2\repository\org\apache\commons\commons-math3\3.6.1\commons-math3-3.6.1.jar;C:\Users\ADMIN\.m2\repository\org\apache\flink\flink-connector-kafka\3.1.0-1.18\flink-connector-kafka-3.1.0-1.18.jar;C:\Users\ADMIN\.m2\repository\com\google\guava\guava\32.1.2-jre\guava-32.1.2-jre.jar;C:\Users\ADMIN\.m2\repository\com\google\guava\failureaccess\1.0.1\failureaccess-1.0.1.jar;C:\Users\ADMIN\.m2\repository\com\google\guava\listenablefuture\9999.0-empty-to-avoid-conflict-with-guava\listenablefuture-9999.0-empty-to-avoid-conflict-with-guava.jar;C:\Users\ADMIN\.m2\repository\org\checkerframework\checker-qual\3.33.0\checker-qual-3.33.0.jar;C:\Users\ADMIN\.m2\repository\com\google\errorprone\error_prone_annotations\2.18.0\error_prone_annotations-2.18.0.jar;C:\Users\ADMIN\.m2\repository\com\google\j2objc\j2objc-annotations\2.8\j2objc-annotations-2.8.jar;C:\Users\ADMIN\.m2\repository\com\fasterxml\jackson\core\jackson-core\2.12.3\jackson-core-2.12.3.jar;C:\Users\ADMIN\.m2\repository\com\fasterxml\jackson\core\jackson-databind\2.12.3\jackson-databind-2.12.3.jar;C:\Users\ADMIN\.m2\repository\com\fasterxml\jackson\core\jackson-annotations\2.12.3\jackson-annotations-2.12.3.jar;C:\Users\ADMIN\.m2\repository\com\fasterxml\jackson\datatype\jackson-datatype-jsr310\2.12.3\jackson-datatype-jsr310-2.12.3.jar;C:\Users\ADMIN\.m2\repository\com\fasterxml\jackson\datatype\jackson-datatype-jdk8\2.12.3\jackson-datatype-jdk8-2.12.3.jar;C:\Users\ADMIN\.m2\repository\org\apache\flink\flink-connector-jdbc\3.1.2-1.18\flink-connector-jdbc-3.1.2-1.18.jar;C:\Users\ADMIN\.m2\repository\com\oracle\database\jdbc\ojdbc8\19.8.0.0\ojdbc8-19.8.0.0.jar;"/>
    <property name="java.vm.vendor" value="Oracle Corporation"/>
    <property name="sun.arch.data.model" value="64"/>
    <property name="user.variant" value=""/>
    <property name="java.vendor.url" value="https://openjdk.java.net/"/>
    <property name="user.timezone" value="Asia/Saigon"/>
    <property name="java.vm.specification.version" value="11"/>
    <property name="os.name" value="Windows 11"/>
    <property name="sun.java.launcher" value="SUN_STANDARD"/>
    <property name="user.country" value="US"/>
    <property name="sun.boot.library.path" value="C:\Program Files\Java\jdk-11\bin"/>
    <property name="sun.java.command" value="C:\Users\ADMIN\AppData\Local\Temp\surefire13795005484653772447\surefirebooter15079063289418673608.jar C:\Users\ADMIN\AppData\Local\Temp\surefire13795005484653772447 2025-01-16T11-17-51_154-jvmRun1 surefire6837947286697041969tmp surefire_011118949707526756840tmp"/>
    <property name="jdk.debug" value="release"/>
    <property name="surefire.test.class.path" value="E:\Job_ETL_Account\dim_account\target\test-classes;E:\Job_ETL_Account\dim_account\target\classes;C:\Users\ADMIN\.m2\repository\junit\junit\4.11\junit-4.11.jar;C:\Users\ADMIN\.m2\repository\org\hamcrest\hamcrest-core\1.3\hamcrest-core-1.3.jar;C:\Users\ADMIN\.m2\repository\org\apache\flink\flink-runtime\1.18.1\flink-runtime-1.18.1.jar;C:\Users\ADMIN\.m2\repository\org\apache\flink\flink-core\1.18.1\flink-core-1.18.1.jar;C:\Users\ADMIN\.m2\repository\org\apache\flink\flink-annotations\1.18.1\flink-annotations-1.18.1.jar;C:\Users\ADMIN\.m2\repository\org\apache\flink\flink-metrics-core\1.18.1\flink-metrics-core-1.18.1.jar;C:\Users\ADMIN\.m2\repository\org\apache\flink\flink-shaded-asm-9\9.5-17.0\flink-shaded-asm-9-9.5-17.0.jar;C:\Users\ADMIN\.m2\repository\com\esotericsoftware\kryo\kryo\2.24.0\kryo-2.24.0.jar;C:\Users\ADMIN\.m2\repository\com\esotericsoftware\minlog\minlog\1.2\minlog-1.2.jar;C:\Users\ADMIN\.m2\repository\org\objenesis\objenesis\2.1\objenesis-2.1.jar;C:\Users\ADMIN\.m2\repository\commons-collections\commons-collections\3.2.2\commons-collections-3.2.2.jar;C:\Users\ADMIN\.m2\repository\org\apache\commons\commons-compress\1.21\commons-compress-1.21.jar;C:\Users\ADMIN\.m2\repository\org\apache\flink\flink-rpc-core\1.18.1\flink-rpc-core-1.18.1.jar;C:\Users\ADMIN\.m2\repository\org\apache\flink\flink-rpc-akka-loader\1.18.1\flink-rpc-akka-loader-1.18.1.jar;C:\Users\ADMIN\.m2\repository\org\apache\flink\flink-java\1.18.1\flink-java-1.18.1.jar;C:\Users\ADMIN\.m2\repository\com\twitter\chill-java\0.7.6\chill-java-0.7.6.jar;C:\Users\ADMIN\.m2\repository\org\apache\flink\flink-queryable-state-client-java\1.18.1\flink-queryable-state-client-java-1.18.1.jar;C:\Users\ADMIN\.m2\repository\org\apache\flink\flink-hadoop-fs\1.18.1\flink-hadoop-fs-1.18.1.jar;C:\Users\ADMIN\.m2\repository\commons-io\commons-io\2.11.0\commons-io-2.11.0.jar;C:\Users\ADMIN\.m2\repository\org\apache\flink\flink-shaded-netty\4.1.91.Final-17.0\flink-shaded-netty-4.1.91.Final-17.0.jar;C:\Users\ADMIN\.m2\repository\org\apache\flink\flink-shaded-guava\31.1-jre-17.0\flink-shaded-guava-31.1-jre-17.0.jar;C:\Users\ADMIN\.m2\repository\org\apache\flink\flink-shaded-jackson\2.14.2-17.0\flink-shaded-jackson-2.14.2-17.0.jar;C:\Users\ADMIN\.m2\repository\org\apache\flink\flink-shaded-zookeeper-3\3.7.1-17.0\flink-shaded-zookeeper-3-3.7.1-17.0.jar;C:\Users\ADMIN\.m2\repository\org\apache\commons\commons-lang3\3.12.0\commons-lang3-3.12.0.jar;C:\Users\ADMIN\.m2\repository\org\apache\commons\commons-text\1.10.0\commons-text-1.10.0.jar;C:\Users\ADMIN\.m2\repository\commons-cli\commons-cli\1.5.0\commons-cli-1.5.0.jar;C:\Users\ADMIN\.m2\repository\org\javassist\javassist\3.24.0-GA\javassist-3.24.0-GA.jar;C:\Users\ADMIN\.m2\repository\org\xerial\snappy\snappy-java\1.1.10.4\snappy-java-1.1.10.4.jar;C:\Users\ADMIN\.m2\repository\org\lz4\lz4-java\1.8.0\lz4-java-1.8.0.jar;C:\Users\ADMIN\.m2\repository\org\slf4j\slf4j-api\1.7.36\slf4j-api-1.7.36.jar;C:\Users\ADMIN\.m2\repository\com\google\code\findbugs\jsr305\1.3.9\jsr305-1.3.9.jar;C:\Users\ADMIN\.m2\repository\org\apache\flink\flink-clients\1.18.1\flink-clients-1.18.1.jar;C:\Users\ADMIN\.m2\repository\org\apache\flink\flink-optimizer\1.18.1\flink-optimizer-1.18.1.jar;C:\Users\ADMIN\.m2\repository\org\apache\flink\flink-connector-files\1.18.1\flink-connector-files-1.18.1.jar;C:\Users\ADMIN\.m2\repository\org\apache\flink\flink-file-sink-common\1.18.1\flink-file-sink-common-1.18.1.jar;C:\Users\ADMIN\.m2\repository\org\apache\kafka\kafka-clients\3.1.1\kafka-clients-3.1.1.jar;C:\Users\ADMIN\.m2\repository\com\github\luben\zstd-jni\1.5.0-4\zstd-jni-1.5.0-4.jar;C:\Users\ADMIN\.m2\repository\org\apache\logging\log4j\log4j-api\2.24.3\log4j-api-2.24.3.jar;C:\Users\ADMIN\.m2\repository\org\projectlombok\lombok\1.18.24\lombok-1.18.24.jar;C:\Users\ADMIN\.m2\repository\org\apache\flink\flink-streaming-java\1.18.1\flink-streaming-java-1.18.1.jar;C:\Users\ADMIN\.m2\repository\org\apache\commons\commons-math3\3.6.1\commons-math3-3.6.1.jar;C:\Users\ADMIN\.m2\repository\org\apache\flink\flink-connector-kafka\3.1.0-1.18\flink-connector-kafka-3.1.0-1.18.jar;C:\Users\ADMIN\.m2\repository\com\google\guava\guava\32.1.2-jre\guava-32.1.2-jre.jar;C:\Users\ADMIN\.m2\repository\com\google\guava\failureaccess\1.0.1\failureaccess-1.0.1.jar;C:\Users\ADMIN\.m2\repository\com\google\guava\listenablefuture\9999.0-empty-to-avoid-conflict-with-guava\listenablefuture-9999.0-empty-to-avoid-conflict-with-guava.jar;C:\Users\ADMIN\.m2\repository\org\checkerframework\checker-qual\3.33.0\checker-qual-3.33.0.jar;C:\Users\ADMIN\.m2\repository\com\google\errorprone\error_prone_annotations\2.18.0\error_prone_annotations-2.18.0.jar;C:\Users\ADMIN\.m2\repository\com\google\j2objc\j2objc-annotations\2.8\j2objc-annotations-2.8.jar;C:\Users\ADMIN\.m2\repository\com\fasterxml\jackson\core\jackson-core\2.12.3\jackson-core-2.12.3.jar;C:\Users\ADMIN\.m2\repository\com\fasterxml\jackson\core\jackson-databind\2.12.3\jackson-databind-2.12.3.jar;C:\Users\ADMIN\.m2\repository\com\fasterxml\jackson\core\jackson-annotations\2.12.3\jackson-annotations-2.12.3.jar;C:\Users\ADMIN\.m2\repository\com\fasterxml\jackson\datatype\jackson-datatype-jsr310\2.12.3\jackson-datatype-jsr310-2.12.3.jar;C:\Users\ADMIN\.m2\repository\com\fasterxml\jackson\datatype\jackson-datatype-jdk8\2.12.3\jackson-datatype-jdk8-2.12.3.jar;C:\Users\ADMIN\.m2\repository\org\apache\flink\flink-connector-jdbc\3.1.2-1.18\flink-connector-jdbc-3.1.2-1.18.jar;C:\Users\ADMIN\.m2\repository\com\oracle\database\jdbc\ojdbc8\19.8.0.0\ojdbc8-19.8.0.0.jar;"/>
    <property name="sun.cpu.endian" value="little"/>
    <property name="user.home" value="C:\Users\ADMIN"/>
    <property name="user.language" value="en"/>
    <property name="java.specification.vendor" value="Oracle Corporation"/>
    <property name="java.version.date" value="2023-10-17"/>
    <property name="java.home" value="C:\Program Files\Java\jdk-11"/>
    <property name="file.separator" value="\"/>
    <property name="basedir" value="E:\Job_ETL_Account\dim_account"/>
    <property name="java.vm.compressedOopsMode" value="32-bit"/>
    <property name="line.separator" value="&#10;"/>
    <property name="java.specification.name" value="Java Platform API Specification"/>
    <property name="java.vm.specification.vendor" value="Oracle Corporation"/>
    <property name="java.awt.graphicsenv" value="sun.awt.Win32GraphicsEnvironment"/>
    <property name="surefire.real.class.path" value="C:\Users\ADMIN\AppData\Local\Temp\surefire13795005484653772447\surefirebooter15079063289418673608.jar"/>
    <property name="user.script" value=""/>
    <property name="sun.management.compiler" value="HotSpot 64-Bit Tiered Compilers"/>
    <property name="java.runtime.version" value="11.0.21+9-LTS-193"/>
    <property name="user.name" value="ADMIN"/>
    <property name="path.separator" value=";"/>
    <property name="os.version" value="10.0"/>
    <property name="java.runtime.name" value="Java(TM) SE Runtime Environment"/>
    <property name="file.encoding" value="Cp1258"/>
    <property name="java.vm.name" value="Java HotSpot(TM) 64-Bit Server VM"/>
    <property name="java.vendor.version" value="18.9"/>
    <property name="localRepository" value="C:\Users\ADMIN\.m2\repository"/>
    <property name="java.vendor.url.bug" value="https://bugreport.java.com/bugreport/"/>
    <property name="java.io.tmpdir" value="C:\Users\ADMIN\AppData\Local\Temp\"/>
    <property name="java.version" value="11.0.21"/>
    <property name="user.dir" value="E:\Job_ETL_Account\dim_account"/>
    <property name="os.arch" value="amd64"/>
    <property name="java.vm.specification.name" value="Java Virtual Machine Specification"/>
    <property name="java.awt.printerjob" value="sun.awt.windows.WPrinterJob"/>
    <property name="sun.os.patch.level" value=""/>
    <property name="java.library.path" value="C:\Program Files\Java\jdk-11\bin;C:\WINDOWS\Sun\Java\bin;C:\WINDOWS\system32;C:\WINDOWS;C:\Program Files\Microsoft MPI\Bin\;C:\msys64\mingw64\bin;C:\Windows\system32;C:\Windows;C:\Windows\System32\Wbem;C:\Windows\System32\WindowsPowerShell\v1.0\;C:\Windows\System32\OpenSSH\;C:\Program Files (x86)\NVIDIA Corporation\PhysX\Common;C:\WINDOWS\system32;C:\WINDOWS;C:\WINDOWS\System32\Wbem;C:\WINDOWS\System32\WindowsPowerShell\v1.0\;C:\WINDOWS\System32\OpenSSH\;C:\Program Files (x86)\mingw-w64\i686-8.1.0-posix-dwarf-rt_v6-rev0;C:\Program Files\Git\cmd;C:\Users\ADMIN\AppData\Local\Pub\Cache\bin;C:\Program Files\Java\jdk-11\bin;%SPARK_HOME%\bin;C:\Program Files\Cloudflare\Cloudflare WARP\;C:\Program Files\Docker\Docker\resources\bin;C:\Program Files\apache-maven-3.9.9\bin;C:\Users\ADMIN\AppData\Local\Programs\Python\Python310\Scripts\;C:\Users\ADMIN\AppData\Local\Programs\Python\Python310\;C:\Users\ADMIN\AppData\Local\Microsoft\WindowsApps;C:\Users\ADMIN\AppData\Local\Programs\Microsoft VS Code\bin;C:\Program Files\Java\jdk-11\bin;C:\Spark\spark-3.5.1-bin-hadoop3\bin;C:\Winutils\bin;C:\Program Files\JetBrains\IntelliJ IDEA 2024.1.4\bin;;;."/>
    <property name="java.vendor" value="Oracle Corporation"/>
    <property name="java.vm.info" value="mixed mode"/>
    <property name="java.vm.version" value="11.0.21+9-LTS-193"/>
    <property name="java.specification.maintenance.version" value="2"/>
    <property name="sun.io.unicode.encoding" value="UnicodeLittle"/>
    <property name="java.class.version" value="55.0"/>
  </properties>
  <testcase name="shouldAnswerWithTrue" classname="com.etl.AppTest" time="0.002"/>
</testsuite>